This file contains any messages produced by compilers while
running configure, to aid debugging if configure makes a mistake.

It was created by GRUB configure 0.97, which was
generated by GNU Autoconf 2.59.  Invocation command line was

  $ ./configure 

## --------- ##
## Platform. ##
## --------- ##

hostname = ubuser-virtual-machine
uname -m = x86_64
uname -r = 3.13.0-32-generic
uname -s = Linux
uname -v = #57-Ubuntu SMP Tue Jul 15 03:51:08 UTC 2014

/usr/bin/uname -p = unknown
/bin/uname -X     = unknown

/bin/arch              = unknown
/usr/bin/arch -k       = unknown
/usr/convex/getsysinfo = unknown
hostinfo               = unknown
/bin/machine           = unknown
/usr/bin/oslevel       = unknown
/bin/universe          = unknown

PATH: /usr/local/sbin
PATH: /usr/local/bin
PATH: /usr/sbin
PATH: /usr/bin
PATH: /sbin
PATH: /bin
PATH: /usr/games
PATH: /usr/local/games


## ----------- ##
## Core tests. ##
## ----------- ##

configure:1434: checking for a BSD-compatible install
configure:1489: result: /usr/bin/install -c
configure:1500: checking whether build environment is sane
configure:1543: result: yes
configure:1608: checking for gawk
configure:1637: result: no
configure:1608: checking for mawk
configure:1624: found /usr/bin/mawk
configure:1634: result: mawk
configure:1644: checking whether make sets $(MAKE)
configure:1664: result: yes
configure:1839: checking build system type
configure:1857: result: x86_64-unknown-linux-gnu
configure:1865: checking host system type
configure:1879: result: x86_64-unknown-linux-gnu
configure:1903: checking whether to enable maintainer-specific portions of Makefiles
configure:1912: result: no
configure:2028: checking for gcc
configure:2044: found /usr/bin/gcc
configure:2054: result: gcc
configure:2112: checking for gcc
configure:2138: result: gcc
configure:2382: checking for C compiler version
configure:2385: gcc --version </dev/null >&5
gcc (Ubuntu 4.8.2-19ubuntu1) 4.8.2
Copyright (C) 2013 Free Software Foundation, Inc.
This is free software; see the source for copying conditions.  There is NO
warranty; not even for MERCHANTABILITY or FITNESS FOR A PARTICULAR PURPOSE.

configure:2388: $? = 0
configure:2390: gcc -v </dev/null >&5
Using built-in specs.
COLLECT_GCC=gcc
COLLECT_LTO_WRAPPER=/usr/lib/gcc/x86_64-linux-gnu/4.8/lto-wrapper
Target: x86_64-linux-gnu
Configured with: ../src/configure -v --with-pkgversion='Ubuntu 4.8.2-19ubuntu1' --with-bugurl=file:///usr/share/doc/gcc-4.8/README.Bugs --enable-languages=c,c++,java,go,d,fortran,objc,obj-c++ --prefix=/usr --program-suffix=-4.8 --enable-shared --enable-linker-build-id --libexecdir=/usr/lib --without-included-gettext --enable-threads=posix --with-gxx-include-dir=/usr/include/c++/4.8 --libdir=/usr/lib --enable-nls --with-sysroot=/ --enable-clocale=gnu --enable-libstdcxx-debug --enable-libstdcxx-time=yes --enable-gnu-unique-object --disable-libmudflap --enable-plugin --with-system-zlib --disable-browser-plugin --enable-java-awt=gtk --enable-gtk-cairo --with-java-home=/usr/lib/jvm/java-1.5.0-gcj-4.8-amd64/jre --enable-java-home --with-jvm-root-dir=/usr/lib/jvm/java-1.5.0-gcj-4.8-amd64 --with-jvm-jar-dir=/usr/lib/jvm-exports/java-1.5.0-gcj-4.8-amd64 --with-arch-directory=amd64 --with-ecj-jar=/usr/share/java/eclipse-ecj.jar --enable-objc-gc --enable-multiarch --disable-werror --with-arch-32=i686 --with-abi=m64 --with-multilib-list=m32,m64,mx32 --with-tune=generic --enable-checking=release --build=x86_64-linux-gnu --host=x86_64-linux-gnu --target=x86_64-linux-gnu
Thread model: posix
gcc version 4.8.2 (Ubuntu 4.8.2-19ubuntu1) 
configure:2393: $? = 0
configure:2395: gcc -V </dev/null >&5
gcc: error: unrecognized command line option '-V'
gcc: fatal error: no input files
compilation terminated.
configure:2398: $? = 4
configure:2421: checking for C compiler default output file name
configure:2424: gcc -m32    conftest.c  >&5
/usr/bin/ld: cannot find crt1.o: No such file or directory
/usr/bin/ld: cannot find crti.o: No such file or directory
/usr/bin/ld: skipping incompatible /usr/lib/gcc/x86_64-linux-gnu/4.8/libgcc.a when searching for -lgcc
/usr/bin/ld: cannot find -lgcc
/usr/bin/ld: skipping incompatible /usr/lib/gcc/x86_64-linux-gnu/4.8/libgcc_s.so when searching for -lgcc_s
/usr/bin/ld: cannot find -lgcc_s
/usr/bin/ld: cannot find -lc
/usr/bin/ld: skipping incompatible /usr/lib/gcc/x86_64-linux-gnu/4.8/libgcc.a when searching for -lgcc
/usr/bin/ld: cannot find -lgcc
/usr/bin/ld: skipping incompatible /usr/lib/gcc/x86_64-linux-gnu/4.8/libgcc_s.so when searching for -lgcc_s
/usr/bin/ld: cannot find -lgcc_s
/usr/bin/ld: cannot find crtn.o: No such file or directory
collect2: error: ld returned 1 exit status
configure:2427: $? = 1
configure: failed program was:
| /* confdefs.h.  */
| 
| #define PACKAGE_NAME "GRUB"
| #define PACKAGE_TARNAME "grub"
| #define PACKAGE_VERSION "0.97"
| #define PACKAGE_STRING "GRUB 0.97"
| #define PACKAGE_BUGREPORT "bug-grub@gnu.org"
| #define PACKAGE "grub"
| #define VERSION "0.97"
| /* end confdefs.h.  */
| 
| int
| main ()
| {
| 
|   ;
|   return 0;
| }
configure:2466: error: C compiler cannot create executables
See `config.log' for more details.

## ---------------- ##
## Cache variables. ##
## ---------------- ##

ac_cv_build=x86_64-unknown-linux-gnu
ac_cv_build_alias=x86_64-unknown-linux-gnu
ac_cv_env_CC_set=
ac_cv_env_CC_value=
ac_cv_env_CFLAGS_set=
ac_cv_env_CFLAGS_value=
ac_cv_env_CPPFLAGS_set=
ac_cv_env_CPPFLAGS_value=
ac_cv_env_CPP_set=
ac_cv_env_CPP_value=
ac_cv_env_LDFLAGS_set=
ac_cv_env_LDFLAGS_value=
ac_cv_env_build_alias_set=
ac_cv_env_build_alias_value=
ac_cv_env_host_alias_set=
ac_cv_env_host_alias_value=
ac_cv_env_target_alias_set=
ac_cv_env_target_alias_value=
ac_cv_host=x86_64-unknown-linux-gnu
ac_cv_host_alias=x86_64-unknown-linux-gnu
ac_cv_path_install='/usr/bin/install -c'
ac_cv_prog_AWK=mawk
ac_cv_prog_ac_ct_CC=gcc
ac_cv_prog_make_make_set=yes

## ----------------- ##
## Output variables. ##
## ----------------- ##

ACLOCAL='${SHELL} /home/ubuser/OS/grub-0.97/missing --run aclocal-1.9'
AMDEPBACKSLASH=''
AMDEP_FALSE=''
AMDEP_TRUE=''
AMTAR='${SHELL} /home/ubuser/OS/grub-0.97/missing --run tar'
AUTOCONF='${SHELL} /home/ubuser/OS/grub-0.97/missing --run autoconf'
AUTOHEADER='${SHELL} /home/ubuser/OS/grub-0.97/missing --run autoheader'
AUTOMAKE='${SHELL} /home/ubuser/OS/grub-0.97/missing --run automake-1.9'
AWK='mawk'
BUILD_EXAMPLE_KERNEL_FALSE=''
BUILD_EXAMPLE_KERNEL_TRUE=''
CC='gcc'
CCAS=''
CCASFLAGS=''
CCDEPMODE=''
CFLAGS='-m32 '
CPP=''
CPPFLAGS=''
CYGPATH_W='echo'
DEFS=''
DEPDIR=''
DISKLESS_SUPPORT_FALSE=''
DISKLESS_SUPPORT_TRUE=''
ECHO_C=''
ECHO_N='-n'
ECHO_T=''
EGREP=''
EXEEXT=''
FSYS_CFLAGS=''
GRUB_CFLAGS=''
GRUB_LIBS=''
HERCULES_SUPPORT_FALSE=''
HERCULES_SUPPORT_TRUE=''
INSTALL_DATA='${INSTALL} -m 644'
INSTALL_PROGRAM='${INSTALL}'
INSTALL_SCRIPT='${INSTALL}'
INSTALL_STRIP_PROGRAM='${SHELL} $(install_sh) -c -s'
LDFLAGS=''
LIBOBJS=''
LIBS=''
LTLIBOBJS=''
MAINT='#'
MAINTAINER_MODE_FALSE=''
MAINTAINER_MODE_TRUE='#'
MAKEINFO='${SHELL} /home/ubuser/OS/grub-0.97/missing --run makeinfo'
NETBOOT_DRIVERS=''
NETBOOT_SUPPORT_FALSE=''
NETBOOT_SUPPORT_TRUE=''
NET_CFLAGS=''
NET_EXTRAFLAGS=''
OBJCOPY=''
OBJEXT=''
PACKAGE='grub'
PACKAGE_BUGREPORT='bug-grub@gnu.org'
PACKAGE_NAME='GRUB'
PACKAGE_STRING='GRUB 0.97'
PACKAGE_TARNAME='grub'
PACKAGE_VERSION='0.97'
PATH_SEPARATOR=':'
PERL=''
RANLIB=''
SERIAL_SPEED_SIMULATION_FALSE=''
SERIAL_SPEED_SIMULATION_TRUE=''
SERIAL_SUPPORT_FALSE=''
SERIAL_SUPPORT_TRUE=''
SET_MAKE=''
SHELL='/bin/bash'
STAGE1_CFLAGS=''
STAGE2_CFLAGS=''
STRIP=''
VERSION='0.97'
ac_ct_CC='gcc'
ac_ct_OBJCOPY=''
ac_ct_RANLIB=''
ac_ct_STRIP=''
am__fastdepCC_FALSE=''
am__fastdepCC_TRUE=''
am__include=''
am__leading_dot='.'
am__quote=''
am__tar='${AMTAR} chof - "$$tardir"'
am__untar='${AMTAR} xf -'
bindir='${exec_prefix}/bin'
build='x86_64-unknown-linux-gnu'
build_alias=''
build_cpu='x86_64'
build_os='linux-gnu'
build_vendor='unknown'
datadir='${prefix}/share'
exec_prefix='NONE'
host='x86_64-unknown-linux-gnu'
host_alias=''
host_cpu='x86_64'
host_os='linux-gnu'
host_vendor='unknown'
includedir='${prefix}/include'
infodir='${prefix}/info'
install_sh='/home/ubuser/OS/grub-0.97/install-sh'
libdir='${exec_prefix}/lib'
libexecdir='${exec_prefix}/libexec'
localstatedir='${prefix}/var'
mandir='${prefix}/man'
mkdir_p='mkdir -p --'
oldincludedir='/usr/include'
prefix='NONE'
program_transform_name='s,x,x,'
sbindir='${exec_prefix}/sbin'
sharedstatedir='${prefix}/com'
sysconfdir='${prefix}/etc'
target_alias=''

## ----------- ##
## confdefs.h. ##
## ----------- ##

#define PACKAGE "grub"
#define PACKAGE_BUGREPORT "bug-grub@gnu.org"
#define PACKAGE_NAME "GRUB"
#define PACKAGE_STRING "GRUB 0.97"
#define PACKAGE_TARNAME "grub"
#define PACKAGE_VERSION "0.97"
#define VERSION "0.97"

configure: exit 77
